2019-06-12 17:50:44,177 | 4776 | [testcase.py-->line:41] | INFO : TestCase "正常账号july401" starting------
2019-06-12 17:50:44,178 | 4776 | [testcase.py-->line:52] | INFO : 【Success】
2019-06-12 17:50:44,234 | 4776 | [testcase.py-->line:56] | INFO : TestCase "正常账号july401" end
2019-06-12 17:50:44,234 | 4776 | [testcase.py-->line:41] | INFO : TestCase "正常账号july402" starting------
2019-06-12 17:50:44,235 | 4776 | [testcase.py-->line:52] | INFO : 【Success】
2019-06-12 17:50:44,254 | 4776 | [testcase.py-->line:56] | INFO : TestCase "正常账号july402" end
2019-06-12 17:50:44,254 | 4776 | [testcase.py-->line:41] | INFO : TestCase "注册重复账号python18" starting------
2019-06-12 17:50:44,254 | 4776 | [testcase.py-->line:52] | INFO : 【Success】
2019-06-12 17:50:44,274 | 4776 | [testcase.py-->line:56] | INFO : TestCase "注册重复账号python18" end
2019-06-12 17:50:44,274 | 4776 | [testcase.py-->line:41] | INFO : TestCase "注册重复账号july401" starting------
2019-06-12 17:50:44,274 | 4776 | [testcase.py-->line:52] | INFO : 【Success】
2019-06-12 17:50:44,294 | 4776 | [testcase.py-->line:56] | INFO : TestCase "注册重复账号july401" end
2019-06-12 17:50:44,294 | 4776 | [testcase.py-->line:41] | INFO : TestCase "两次密码不一致1" starting------
2019-06-12 17:50:44,294 | 4776 | [testcase.py-->line:52] | INFO : 【Success】
2019-06-12 17:50:44,313 | 4776 | [testcase.py-->line:56] | INFO : TestCase "两次密码不一致1" end
2019-06-12 17:50:44,313 | 4776 | [testcase.py-->line:41] | INFO : TestCase "两次密码不一致2" starting------
2019-06-12 17:50:44,313 | 4776 | [testcase.py-->line:52] | INFO : 【Success】
2019-06-12 17:50:44,333 | 4776 | [testcase.py-->line:56] | INFO : TestCase "两次密码不一致2" end
2019-06-12 17:50:44,333 | 4776 | [testcase.py-->line:41] | INFO : TestCase "密码长度低于6位" starting------
2019-06-12 17:50:44,333 | 4776 | [testcase.py-->line:52] | INFO : 【Success】
2019-06-12 17:50:44,355 | 4776 | [testcase.py-->line:56] | INFO : TestCase "密码长度低于6位" end
2019-06-12 17:50:44,355 | 4776 | [testcase.py-->line:41] | INFO : TestCase "密码长度高于18位" starting------
2019-06-12 17:50:44,355 | 4776 | [testcase.py-->line:52] | INFO : 【Success】
2019-06-12 17:50:44,374 | 4776 | [testcase.py-->line:56] | INFO : TestCase "密码长度高于18位" end
2019-06-12 17:50:44,374 | 4776 | [testcase.py-->line:41] | INFO : TestCase "账号长度低于6位" starting------
2019-06-12 17:50:44,374 | 4776 | [testcase.py-->line:47] | ERROR: 【Failed】：E{"code": 1, "msg": "注册成功"} != A{'code': 0, 'msg': '账号和密码必须在6-18位之间'}
2019-06-12 17:50:44,394 | 4776 | [testcase.py-->line:56] | INFO : TestCase "账号长度低于6位" end
2019-06-12 17:50:44,415 | 4776 | [testcase.py-->line:41] | INFO : TestCase "账号长度高于18位" starting------
2019-06-12 17:50:44,415 | 4776 | [testcase.py-->line:52] | INFO : 【Success】
2019-06-12 17:50:44,437 | 4776 | [testcase.py-->line:56] | INFO : TestCase "账号长度高于18位" end
